Using pre-set license
Built from '2020.3/release' branch; Version is '2020.3.2f1 (8fd9074bf66c) revision 9427207'; Using compiler version '192528614'; Build Type 'Release'
OS: 'Windows 10 Home; OS build 19045.3208; Version 2009; 64bit' Language: 'en' Physical Memory: 3983 MB
BatchMode: 1, IsHumanControllingUs: 0, StartBugReporterOnCrash: 0, Is64bit: 1, IsPro: 0

 COMMAND LINE ARGUMENTS:
C:\Program Files\Unity\Hub\Editor\2020.3.2f1\Editor\Unity.exe
-adb2
-batchMode
-noUpm
-name
AssetImportWorker1
-projectPath
F:/Black belt/JM-blackbelt
-logFile
Logs/AssetImportWorker1.log
-srvPort
60289
Successfully changed project path to: F:/Black belt/JM-blackbelt
F:/Black belt/JM-blackbelt
Using Asset Import Pipeline V2.
Refreshing native plugins compatible for Editor in 74.18 ms, found 1 plugins.
Preloading 0 native plugins for Editor in 0.00 ms.
Initialize engine version: 2020.3.2f1 (8fd9074bf66c)
[Subsystems] Discovering subsystems at path C:/Program Files/Unity/Hub/Editor/2020.3.2f1/Editor/Data/Resources/UnitySubsystems
[Subsystems] Discovering subsystems at path F:/Black belt/JM-blackbelt/Assets
GfxDevice: creating device client; threaded=0
Direct3D:
    Version:  Direct3D 11.0 [level 11.1]
    Renderer: AMD Radeon(TM) R5 Graphics (ID=0x98e4)
    Vendor:   
    VRAM:     1991 MB
    Driver:   26.20.12036.8001
Initialize mono
Mono path[0] = 'C:/Program Files/Unity/Hub/Editor/2020.3.2f1/Editor/Data/Managed'
Mono path[1] = 'C:/Program Files/Unity/Hub/Editor/2020.3.2f1/Editor/Data/MonoBleedingEdge/lib/mono/unityjit'
Mono config path = 'C:/Program Files/Unity/Hub/Editor/2020.3.2f1/Editor/Data/MonoBleedingEdge/etc'
Using monoOptions --debugger-agent=transport=dt_socket,embedding=1,server=y,suspend=n,address=127.0.0.1:56844
Begin MonoManager ReloadAssembly
Registering precompiled unity dll's ...
Register platform support module: C:/Program Files/Unity/Hub/Editor/2020.3.2f1/Editor/Data/PlaybackEngines/WindowsStandaloneSupport/UnityEditor.WindowsStandalone.Extensions.dll
Registered in 0.005942 seconds.
Native extension for WindowsStandalone target not found
Refreshing native plugins compatible for Editor in 76.24 ms, found 1 plugins.
Preloading 0 native plugins for Editor in 0.00 ms.
Invoked RoslynAnalysisRunner static constructor.
RoslynAnalysisRunner will not be running.
RoslynAnalysisRunner has terminated.
Mono: successfully reloaded assembly
- Completed reload, in  2.693 seconds
Platform modules already initialized, skipping
Registering precompiled user dll's ...
Registered in 0.002241 seconds.
Begin MonoManager ReloadAssembly
Native extension for WindowsStandalone target not found
Refreshing native plugins compatible for Editor in 0.94 ms, found 1 plugins.
Preloading 0 native plugins for Editor in 0.00 ms.
Invoked RoslynAnalysisRunner static constructor.
RoslynAnalysisRunner will not be running.
RoslynAnalysisRunner has terminated.
Mono: successfully reloaded assembly
- Completed reload, in  6.958 seconds
Platform modules already initialized, skipping
========================================================================
Worker process is ready to serve import requests
Launched and connected shader compiler UnityShaderCompiler.exe after 0.42 seconds
Refreshing native plugins compatible for Editor in 0.78 ms, found 1 plugins.
Preloading 0 native plugins for Editor in 0.00 ms.
Unloading 1782 Unused Serialized files (Serialized files now loaded: 0)
System memory in use before: 155.6 MB.
System memory in use after: 155.7 MB.

Unloading 16 unused Assets to reduce memory usage. Loaded Objects now: 2226.
Total: 7.568700 ms (FindLiveObjects: 0.885800 ms CreateObjectMapping: 0.230800 ms MarkObjects: 6.233700 ms  DeleteObjects: 0.184300 ms)

========================================================================
Received Import Request.
  path: Assets/Scenes/Level3.unity
  artifactKey: Guid(29a88799594cd1d47bf33d3739c852cd) Importer(815301076,1909f56bfc062723c751e8b465ee728b)
Start importing Assets/Scenes/Level3.unity using Guid(29a88799594cd1d47bf33d3739c852cd) Importer(815301076,1909f56bfc062723c751e8b465ee728b)  -> (artifact id: '8fd0b94469d92ae4111c756c918f8eff') in 0.138774 seconds
  Import took 0.157486 seconds .

========================================================================
Received Import Request.
  Time since last request: 909.259830 seconds.
  path: Assets/Sprites/New Piskel (10).png
  artifactKey: Guid(a070a33480c6cc74f946a24027f03a80) Importer(815301076,1909f56bfc062723c751e8b465ee728b)
Start importing Assets/Sprites/New Piskel (10).png using Guid(a070a33480c6cc74f946a24027f03a80) Importer(815301076,1909f56bfc062723c751e8b465ee728b)  -> (artifact id: '34c0abf3403ac2f53b265fba5ff9dc47') in 0.741313 seconds
  Import took 1.180406 seconds .

========================================================================
Received Import Request.
  Time since last request: 13.379817 seconds.
  path: Assets/Sprites/New Piskel (10).png
  artifactKey: Guid(a070a33480c6cc74f946a24027f03a80) Importer(815301076,1909f56bfc062723c751e8b465ee728b)
Start importing Assets/Sprites/New Piskel (10).png using Guid(a070a33480c6cc74f946a24027f03a80) Importer(815301076,1909f56bfc062723c751e8b465ee728b)  -> (artifact id: '2e7f9b4220affcf47d4d992592c3f3ff') in 0.411343 seconds
  Import took 0.434913 seconds .

========================================================================
Received Import Request.
  Time since last request: 90.685295 seconds.
  path: Assets/Sprites/MiniMap.png
  artifactKey: Guid(a070a33480c6cc74f946a24027f03a80) Importer(815301076,1909f56bfc062723c751e8b465ee728b)
Start importing Assets/Sprites/MiniMap.png using Guid(a070a33480c6cc74f946a24027f03a80) Importer(815301076,1909f56bfc062723c751e8b465ee728b)  -> (artifact id: '04a01221ae45fc8ec02b2de343002200') in 0.488685 seconds
  Import took 0.507847 seconds .

========================================================================
Received Prepare
Registering precompiled user dll's ...
Registered in 0.665900 seconds.
Begin MonoManager ReloadAssembly
Native extension for WindowsStandalone target not found
Refreshing native plugins compatible for Editor in 8.29 ms, found 1 plugins.
Preloading 0 native plugins for Editor in 0.00 ms.
Invoked RoslynAnalysisRunner static constructor.
RoslynAnalysisRunner will not be running.
RoslynAnalysisRunner has terminated.
Mono: successfully reloaded assembly
- Completed reload, in 16.916 seconds
Platform modules already initialized, skipping
Refreshing native plugins compatible for Editor in 1.30 ms, found 1 plugins.
Preloading 0 native plugins for Editor in 0.00 ms.
Unloading 1771 Unused Serialized files (Serialized files now loaded: 0)
System memory in use before: 158.1 MB.
System memory in use after: 158.2 MB.

Unloading 9 unused Assets to reduce memory usage. Loaded Objects now: 2235.
Total: 26.740700 ms (FindLiveObjects: 1.941200 ms CreateObjectMapping: 0.269500 ms MarkObjects: 23.281300 ms  DeleteObjects: 1.244200 ms)

========================================================================
Received Prepare
Registering precompiled user dll's ...
Registered in 0.007457 seconds.
Begin MonoManager ReloadAssembly
Native extension for WindowsStandalone target not found
Refreshing native plugins compatible for Editor in 4.58 ms, found 1 plugins.
Preloading 0 native plugins for Editor in 0.00 ms.
Invoked RoslynAnalysisRunner static constructor.
RoslynAnalysisRunner will not be running.
RoslynAnalysisRunner has terminated.
Mono: successfully reloaded assembly
- Completed reload, in 20.220 seconds
Platform modules already initialized, skipping
Refreshing native plugins compatible for Editor in 0.88 ms, found 1 plugins.
Preloading 0 native plugins for Editor in 0.00 ms.
Unloading 1771 Unused Serialized files (Serialized files now loaded: 0)
System memory in use before: 158.2 MB.
System memory in use after: 158.3 MB.

Unloading 9 unused Assets to reduce memory usage. Loaded Objects now: 2238.
Total: 9.231300 ms (FindLiveObjects: 0.846100 ms CreateObjectMapping: 0.357300 ms MarkObjects: 7.574800 ms  DeleteObjects: 0.447600 ms)

========================================================================
Received Prepare
Registering precompiled user dll's ...
Registered in 0.617002 seconds.
Begin MonoManager ReloadAssembly
Native extension for WindowsStandalone target not found
Refreshing native plugins compatible for Editor in 1.03 ms, found 1 plugins.
Preloading 0 native plugins for Editor in 0.00 ms.
Invoked RoslynAnalysisRunner static constructor.
RoslynAnalysisRunner will not be running.
RoslynAnalysisRunner has terminated.
Mono: successfully reloaded assembly
- Completed reload, in  5.011 seconds
Platform modules already initialized, skipping
Refreshing native plugins compatible for Editor in 1.90 ms, found 1 plugins.
Preloading 0 native plugins for Editor in 0.00 ms.
Unloading 1771 Unused Serialized files (Serialized files now loaded: 0)
System memory in use before: 158.2 MB.
System memory in use after: 158.3 MB.

Unloading 9 unused Assets to reduce memory usage. Loaded Objects now: 2241.
Total: 5.477400 ms (FindLiveObjects: 0.577200 ms CreateObjectMapping: 0.155400 ms MarkObjects: 4.597600 ms  DeleteObjects: 0.142200 ms)

========================================================================
Received Prepare
Registering precompiled user dll's ...
Registered in 0.063243 seconds.
Begin MonoManager ReloadAssembly
Native extension for WindowsStandalone target not found
Refreshing native plugins compatible for Editor in 3.81 ms, found 1 plugins.
Preloading 0 native plugins for Editor in 0.00 ms.
Invoked RoslynAnalysisRunner static constructor.
RoslynAnalysisRunner will not be running.
RoslynAnalysisRunner has terminated.
Mono: successfully reloaded assembly
- Completed reload, in 24.928 seconds
Platform modules already initialized, skipping
Refreshing native plugins compatible for Editor in 1.05 ms, found 1 plugins.
Preloading 0 native plugins for Editor in 0.00 ms.
Unloading 1771 Unused Serialized files (Serialized files now loaded: 0)
System memory in use before: 158.2 MB.
System memory in use after: 158.3 MB.

Unloading 9 unused Assets to reduce memory usage. Loaded Objects now: 2244.
Total: 9.294300 ms (FindLiveObjects: 0.644200 ms CreateObjectMapping: 0.169700 ms MarkObjects: 7.453300 ms  DeleteObjects: 1.020900 ms)

========================================================================
Received Prepare
Registering precompiled user dll's ...
Registered in 0.031664 seconds.
Begin MonoManager ReloadAssembly
Native extension for WindowsStandalone target not found
Refreshing native plugins compatible for Editor in 1.10 ms, found 1 plugins.
Preloading 0 native plugins for Editor in 0.00 ms.
Invoked RoslynAnalysisRunner static constructor.
RoslynAnalysisRunner will not be running.
RoslynAnalysisRunner has terminated.
Mono: successfully reloaded assembly
- Completed reload, in 11.896 seconds
Platform modules already initialized, skipping
Refreshing native plugins compatible for Editor in 0.92 ms, found 1 plugins.
Preloading 0 native plugins for Editor in 0.00 ms.
Unloading 1771 Unused Serialized files (Serialized files now loaded: 0)
System memory in use before: 158.2 MB.
System memory in use after: 158.3 MB.

Unloading 9 unused Assets to reduce memory usage. Loaded Objects now: 2247.
Total: 5.928600 ms (FindLiveObjects: 0.544700 ms CreateObjectMapping: 0.122700 ms MarkObjects: 4.837600 ms  DeleteObjects: 0.419200 ms)

AssetImportWorkerClient::OnTransportError - code=2 error=End of file
